2021-10-18 === [main] === INFO  === com.qinweizhao.LoggingAApplicationTests ==== Starting LoggingAApplicationTests using Java 11.0.12 on Monday_1201 with PID 14812 (started by YVKG in E:\Code\qwz-spring-boot-example\spring-boot-logging\spring-boot-logging-a)
2021-10-18 === [main] === DEBUG === com.qinweizhao.LoggingAApplicationTests ==== Running with Spring Boot v2.5.5, Spring v5.3.10
2021-10-18 === [main] === INFO  === com.qinweizhao.LoggingAApplicationTests ==== No active profile set, falling back to default profiles: default
2021-10-18 === [main] === INFO  === com.qinweizhao.LoggingAApplicationTests ==== Started LoggingAApplicationTests in 1.712 seconds (JVM running for 2.528)
2021-10-18 === [main] === TRACE === com.qinweizhao.LoggingAApplicationTests ==== this is trace 1
2021-10-18 === [main] === DEBUG === com.qinweizhao.LoggingAApplicationTests ==== this is debug 2
2021-10-18 === [main] === INFO  === com.qinweizhao.LoggingAApplicationTests ==== this is info 3
2021-10-18 === [main] === WARN  === com.qinweizhao.LoggingAApplicationTests ==== this is warn 4
2021-10-18 === [main] === ERROR === com.qinweizhao.LoggingAApplicationTests ==== this is error 5
2021-10-18 === [main] === INFO  === com.qinweizhao.LoggingAApplicationTests ==== Starting LoggingAApplicationTests using Java 1.8.0_291 on Monday_1201 with PID 3268 (started by YVKG in E:\Code\qwz-spring-boot-example\spring-boot-logging\spring-boot-logging-a)
2021-10-18 === [main] === DEBUG === com.qinweizhao.LoggingAApplicationTests ==== Running with Spring Boot v2.5.5, Spring v5.3.10
2021-10-18 === [main] === INFO  === com.qinweizhao.LoggingAApplicationTests ==== No active profile set, falling back to default profiles: default
2021-10-18 === [main] === INFO  === com.qinweizhao.LoggingAApplicationTests ==== Started LoggingAApplicationTests in 0.627 seconds (JVM running for 1.369)
2021-10-18 === [main] === TRACE === com.qinweizhao.LoggingAApplicationTests ==== this is trace 1
2021-10-18 === [main] === DEBUG === com.qinweizhao.LoggingAApplicationTests ==== this is debug 2
2021-10-18 === [main] === INFO  === com.qinweizhao.LoggingAApplicationTests ==== this is info 3
2021-10-18 === [main] === WARN  === com.qinweizhao.LoggingAApplicationTests ==== this is warn 4
2021-10-18 === [main] === ERROR === com.qinweizhao.LoggingAApplicationTests ==== this is error 5
2021-10-18 === [main] === INFO  === com.qinweizhao.LoggingAApplicationTests ==== Starting LoggingAApplicationTests using Java 1.8.0_291 on Monday_1201 with PID 12252 (started by YVKG in E:\Code\qwz-spring-boot-example\spring-boot-logging\spring-boot-logging-a)
2021-10-18 === [main] === DEBUG === com.qinweizhao.LoggingAApplicationTests ==== Running with Spring Boot v2.5.5, Spring v5.3.10
2021-10-18 === [main] === INFO  === com.qinweizhao.LoggingAApplicationTests ==== No active profile set, falling back to default profiles: default
2021-10-18 === [main] === INFO  === com.qinweizhao.LoggingAApplicationTests ==== Started LoggingAApplicationTests in 0.605 seconds (JVM running for 1.324)
2021-10-18 === [main] === TRACE === com.qinweizhao.LoggingAApplicationTests ==== this is trace 1
2021-10-18 === [main] === DEBUG === com.qinweizhao.LoggingAApplicationTests ==== this is debug 2
2021-10-18 === [main] === INFO  === com.qinweizhao.LoggingAApplicationTests ==== this is info 3
2021-10-18 === [main] === WARN  === com.qinweizhao.LoggingAApplicationTests ==== this is warn 4
2021-10-18 === [main] === ERROR === com.qinweizhao.LoggingAApplicationTests ==== this is error 5
