2021-09-07 16:56:07.800  INFO 20252 --- [main] com.qinweizhao.LevelTest                 : Starting LevelTest using Java 1.8.0_291 on Monday_1201 with PID 20252 (started by YVKG in E:\Code\Java\github\qwz-spring-boot-sample\boot-logging)
2021-09-07 16:56:07.803  INFO 20252 --- [main] com.qinweizhao.LevelTest                 : No active profile set, falling back to default profiles: default
2021-09-07 16:56:08.861  INFO 20252 --- [main] com.qinweizhao.LevelTest                 : Started LevelTest in 1.365 seconds (JVM running for 2.185)
2021-09-07 17:00:35.085  INFO 19416 --- [main] com.qinweizhao.LevelTest                 : Starting LevelTest using Java 1.8.0_291 on Monday_1201 with PID 19416 (started by YVKG in E:\Code\Java\github\qwz-spring-boot-sample\boot-logging)
2021-09-07 17:00:35.087  INFO 19416 --- [main] com.qinweizhao.LevelTest                 : No active profile set, falling back to default profiles: default
2021-09-07 17:00:36.207  INFO 19416 --- [main] com.qinweizhao.LevelTest                 : Started LevelTest in 1.437 seconds (JVM running for 2.24)
2021-09-07 17:02:41.863  INFO 14228 --- [main] com.qinweizhao.LevelTest                 : Starting LevelTest using Java 1.8.0_291 on Monday_1201 with PID 14228 (started by YVKG in E:\Code\Java\github\qwz-spring-boot-sample\boot-logging)
2021-09-07 17:02:41.865  INFO 14228 --- [main] com.qinweizhao.LevelTest                 : No active profile set, falling back to default profiles: default
2021-09-07 17:02:42.933  INFO 14228 --- [main] com.qinweizhao.LevelTest                 : Started LevelTest in 1.306 seconds (JVM running for 2.107)
2021-09-07 17:03:14.154  INFO 17392 --- [main] com.qinweizhao.LevelTest                 : Starting LevelTest using Java 1.8.0_291 on Monday_1201 with PID 17392 (started by YVKG in E:\Code\Java\github\qwz-spring-boot-sample\boot-logging)
2021-09-07 17:03:14.157  INFO 17392 --- [main] com.qinweizhao.LevelTest                 : No active profile set, falling back to default profiles: default
2021-09-07 17:03:15.266  INFO 17392 --- [main] com.qinweizhao.LevelTest                 : Started LevelTest in 1.41 seconds (JVM running for 2.25)
2021-09-07 17:03:28.254  INFO 17940 --- [main] com.qinweizhao.LevelTest                 : Starting LevelTest using Java 1.8.0_291 on Monday_1201 with PID 17940 (started by YVKG in E:\Code\Java\github\qwz-spring-boot-sample\boot-logging)
2021-09-07 17:03:28.256  INFO 17940 --- [main] com.qinweizhao.LevelTest                 : No active profile set, falling back to default profiles: default
2021-09-07 17:03:29.391  INFO 17940 --- [main] com.qinweizhao.LevelTest                 : Started LevelTest in 1.382 seconds (JVM running for 2.186)
2021-09-07 17:03:29.540  INFO 17940 --- [main] com.qinweizhao.LevelTest                 : 这是info日志...
2021-09-07 17:03:29.540  WARN 17940 --- [main] com.qinweizhao.LevelTest                 : 这是warn日志...
2021-09-07 17:03:29.540 ERROR 17940 --- [main] com.qinweizhao.LevelTest                 : 这是error日志...
2021-09-07 17:03:41.744  INFO 2244 --- [main] com.qinweizhao.LevelTest                 : Starting LevelTest using Java 1.8.0_291 on Monday_1201 with PID 2244 (started by YVKG in E:\Code\Java\github\qwz-spring-boot-sample\boot-logging)
2021-09-07 17:03:41.746  INFO 2244 --- [main] com.qinweizhao.LevelTest                 : No active profile set, falling back to default profiles: default
2021-09-07 17:03:42.882  INFO 2244 --- [main] com.qinweizhao.LevelTest                 : Started LevelTest in 1.391 seconds (JVM running for 2.204)
2021-09-07 17:03:43.037  INFO 2244 --- [main] com.qinweizhao.LevelTest                 : 这是info日志...
2021-09-07 17:03:43.037  WARN 2244 --- [main] com.qinweizhao.LevelTest                 : 这是warn日志...
2021-09-07 17:03:43.037 ERROR 2244 --- [main] com.qinweizhao.LevelTest                 : 这是error日志...
2021-09-07 17:04:35.142  INFO 11644 --- [main] com.qinweizhao.LevelTest                 : Starting LevelTest using Java 1.8.0_291 on Monday_1201 with PID 11644 (started by YVKG in E:\Code\Java\github\qwz-spring-boot-sample\boot-logging)
2021-09-07 17:04:35.143 DEBUG 11644 --- [main] com.qinweizhao.LevelTest                 : Running with Spring Boot v2.5.4, Spring v5.3.9
2021-09-07 17:04:35.145  INFO 11644 --- [main] com.qinweizhao.LevelTest                 : No active profile set, falling back to default profiles: default
2021-09-07 17:04:36.207  INFO 11644 --- [main] com.qinweizhao.LevelTest                 : Started LevelTest in 1.32 seconds (JVM running for 2.124)
2021-09-07 17:04:36.353 TRACE 11644 --- [main] com.qinweizhao.LevelTest                 : 这是trace日志...
2021-09-07 17:04:36.353 DEBUG 11644 --- [main] com.qinweizhao.LevelTest                 : 这是debug日志...
2021-09-07 17:04:36.353  INFO 11644 --- [main] com.qinweizhao.LevelTest                 : 这是info日志...
2021-09-07 17:04:36.354  WARN 11644 --- [main] com.qinweizhao.LevelTest                 : 这是warn日志...
2021-09-07 17:04:36.354 ERROR 11644 --- [main] com.qinweizhao.LevelTest                 : 这是error日志...
2021-09-07 === [main] === INFO  === com.qinweizhao.LevelTest ==== Starting LevelTest using Java 1.8.0_291 on Monday_1201 with PID 14692 (started by YVKG in E:\Code\Java\github\qwz-spring-boot-sample\boot-logging)
2021-09-07 === [main] === DEBUG === com.qinweizhao.LevelTest ==== Running with Spring Boot v2.5.4, Spring v5.3.9
2021-09-07 === [main] === INFO  === com.qinweizhao.LevelTest ==== No active profile set, falling back to default profiles: default
2021-09-07 === [main] === INFO  === com.qinweizhao.LevelTest ==== Started LevelTest in 1.452 seconds (JVM running for 2.318)
2021-09-07 === [main] === TRACE === com.qinweizhao.LevelTest ==== 这是trace日志...
2021-09-07 === [main] === DEBUG === com.qinweizhao.LevelTest ==== 这是debug日志...
2021-09-07 === [main] === INFO  === com.qinweizhao.LevelTest ==== 这是info日志...
2021-09-07 === [main] === WARN  === com.qinweizhao.LevelTest ==== 这是warn日志...
2021-09-07 === [main] === ERROR === com.qinweizhao.LevelTest ==== 这是error日志...
2021-09-07 === [main] === INFO  === com.qinweizhao.LevelTest ==== Starting LevelTest using Java 1.8.0_291 on Monday_1201 with PID 19452 (started by YVKG in E:\Code\Java\github\qwz-spring-boot-sample\boot-logging)
2021-09-07 === [main] === DEBUG === com.qinweizhao.LevelTest ==== Running with Spring Boot v2.5.4, Spring v5.3.9
2021-09-07 === [main] === INFO  === com.qinweizhao.LevelTest ==== No active profile set, falling back to default profiles: default
2021-09-07 === [main] === INFO  === com.qinweizhao.LevelTest ==== Started LevelTest in 1.364 seconds (JVM running for 2.192)
2021-09-07 === [main] === TRACE === com.qinweizhao.LevelTest ==== 这是trace日志...
2021-09-07 === [main] === DEBUG === com.qinweizhao.LevelTest ==== 这是debug日志...
2021-09-07 === [main] === INFO  === com.qinweizhao.LevelTest ==== 这是info日志...
2021-09-07 === [main] === WARN  === com.qinweizhao.LevelTest ==== 这是warn日志...
2021-09-07 === [main] === ERROR === com.qinweizhao.LevelTest ==== 这是error日志...
2021-09-07 === [main] === INFO  === com.qinweizhao.LevelTest ==== Starting LevelTest using Java 1.8.0_291 on Monday_1201 with PID 15804 (started by YVKG in E:\Code\Java\github\qwz-spring-boot-sample\boot-logging)
2021-09-07 === [main] === DEBUG === com.qinweizhao.LevelTest ==== Running with Spring Boot v2.5.4, Spring v5.3.9
2021-09-07 === [main] === INFO  === com.qinweizhao.LevelTest ==== No active profile set, falling back to default profiles: default
2021-09-07 === [main] === INFO  === com.qinweizhao.LevelTest ==== Started LevelTest in 1.859 seconds (JVM running for 2.862)
2021-09-07 === [main] === TRACE === com.qinweizhao.LevelTest ==== 这是trace日志...
2021-09-07 === [main] === DEBUG === com.qinweizhao.LevelTest ==== 这是debug日志...
2021-09-07 === [main] === INFO  === com.qinweizhao.LevelTest ==== 这是info日志...
2021-09-07 === [main] === WARN  === com.qinweizhao.LevelTest ==== 这是warn日志...
2021-09-07 === [main] === ERROR === com.qinweizhao.LevelTest ==== 这是error日志...
2021-09-07 === [main] === DEBUG === com.qinweizhao.LevelTest ==== this is a test
